{
  "timestamp": "2023-10-20 18:28:30.639290",
  "device_info": {
    "serial_number": "AFAALjdTUA0gMjlC",
    "model": "800",
    "git_hash": "26e636ddb36b702a361291b0ab842acd881f281b",
    "git_dirty": false,
    "git_timestamp": 1659560860,
    "uuid": "00000000-0000-0000-0000-000000000000"
  },
  "calibration": {
    "invert": false,
    "phase_invert": true,
    "poles": 42,
    "offset": [
      -1.481323406052652,
      -1.5412056188571077,
      -1.584082096899693,
      -1.6060716315949153,
      -1.6383845026940425,
      -1.6713391963843236,
      -1.6598817443356226,
      -1.648580337107647,
      -1.6348396570078547,
      -1.5766183836872902,
      -1.525718100439754,
      -1.459129850728348,
      -1.3514029889572878,
      -1.2565384240037636,
      -1.1475693416928294,
      -1.0205534513880452,
      -0.9141089231535229,
      -0.7920407100616352,
      -0.6567069098991417,
      -0.5554397870705993,
      -0.46797882413441116,
      -0.40168337950695426,
      -0.40952593784014735,
      -0.43091283257087626,
      -0.4767096705667137,
      -0.5808106712254373,
      -0.6859013243857832,
      -0.8070633156655761,
      -0.9637909157252874,
      -1.1340750371733206,
      -1.2750527028569054,
      -1.4421068562171322,
      -1.590906536365709,
      -1.6932351039391715,
      -1.7712157904107193,
      -1.8417518963938597,
      -1.862599218855753,
      -1.8603909784466246,
      -1.8664174171578432,
      -1.8307513293558704,
      -1.7989516678265762,
      -1.7800291910262585,
      -1.7415616741381743,
      -1.683939076740248,
      -1.6458293153230943,
      -1.5755411865897608,
      -1.4852455208126663,
      -1.4200391491313311,
      -1.3270091859436957,
      -1.2367325248610905,
      -1.1714909443724681,
      -1.0922184804563857,
      -1.0412952319034814,
      -1.0147438041727241,
      -0.9956511757462367,
      -0.9986795842919235,
      -1.037559587069428,
      -1.062515952599472,
      -1.102929209164424,
      -1.184807405883764,
      -1.2371896408374863,
      -1.3002477411166116,
      -1.3759487033744615,
      -1.441430446394592
    ]
  },
  "winding_resistance": 0.07791578525021463,
  "inductance": 3.440810073397198e-05,
  "pid_dq_kp": 0.02161924729796479,
  "pid_dq_ki": 48.95593170815085,
  "torque_bw_hz": 100.0,
  "encoder_filter_bw_hz": 200.0,
  "encoder_filter_kp": 2513.2741228718346,
  "encoder_filter_ki": 1579136.7041742974,
  "v_per_hz": 0.34072058335376604,
  "kv": 88.04868700536171,
  "unwrapped_position_scale": 1.0,
  "motor_position_output_sign": 1.0
}
